<?xml version="1.0" encoding="UTF-8"?>
<!-- Generated by org.testng.reporters.JUnitReportReporter -->
<testsuite hostname="LAPTOP-9TOO7350" name="com.jenkins.selenium.NewTest" tests="1" failures="0" timestamp="14 Dec 2020 05:55:33 GMT" time="1.441" errors="0">
  <testcase name="openwebsite" time="1.441" classname="com.jenkins.selenium.NewTest"/>
</testsuite> <!-- com.jenkins.selenium.NewTest -->
