<?xml version="1.0" encoding="UTF-8"?>
<!-- Generated by org.testng.reporters.JUnitReportReporter -->
<testsuite hostname="LAPTOP-9TOO7350" name="com.jenkins.selenium.NewTest" tests="1" failures="0" timestamp="13 Dec 2020 12:18:28 GMT" time="3.056" errors="0">
  <testcase name="openMyBlog" time="3.056" classname="com.jenkins.selenium.NewTest"/>
</testsuite> <!-- com.jenkins.selenium.NewTest -->
